2023/12/20 15:44:48 

-------------------------------------------------------------------- ( ---------- - ------------ ) 
2023/12/20 15:44:48 Val 'garagem-box' not possible to map for attr type 'urn:concept:characteristics'. ( covilha@era.pt - Moradia em Banda T3 / Seia, Seia, São Romão e Lapa dos Dinheiros 117000 ) 
2023/12/20 15:44:48 Val '-1' not possible to map for attr type 'urn:concept:number-of-bathrooms'. ( covilha@era.pt - Terreno / Fundão, Inguias 45000 ) 
2023/12/20 15:45:16 Val 'Porta Blindada/Segurança' not possible to map for attr type 'urn:concept:characteristics'. ( geral@arhome.pt - Apartamento T1+1 mobilado e equipado, no centro do Porto em frente à estação da Trindade 1500 ) 
2023/12/20 15:45:16 Val 'Roupeiros embutidos' not possible to map for attr type 'urn:concept:characteristics'. ( geral@arhome.pt - Apartamento T1+1 mobilado e equipado, no centro do Porto em frente à estação da Trindade 1500 ) 
2023/12/20 15:45:16 Val 'Acesso a deficientes' not possible to map for attr type 'urn:concept:characteristics'. ( geral@arhome.pt - Apartamento T0 mobilado e equipado, com acabamentos de luxo frente à estação da Trindade 1280 ) 
2023/12/20 15:45:16 Val 'Logradouro' not possible to map for attr type 'urn:concept:characteristics'. ( geral@arhome.pt - Apartamento T0 mobilado e equipado, com acabamentos de luxo frente à estação da Trindade 1280 ) 
2023/12/20 15:45:16 Val 'Vidros Duplos' not possible to map for attr type 'urn:concept:characteristics'. ( geral@arhome.pt - Apartamento T0 mobilado e equipado, com acabamentos de luxo frente à estação da Trindade 1280 ) 
2023/12/20 15:45:16 Val 'Ar Condicionado - Completo' not possible to map for attr type 'urn:concept:characteristics'. ( geral@arhome.pt - Apartamento em condomínio privado em frente à Foz do Douro. 545000 ) 
2023/12/20 15:45:16 Val 'Lugar de garagem' not possible to map for attr type 'urn:concept:characteristics'. ( geral@arhome.pt - Apartamento em condomínio privado em frente à Foz do Douro. 545000 ) 
2023/12/20 15:45:16 Val 'Estores Elétricos' not possible to map for attr type 'urn:concept:characteristics'. ( geral@arhome.pt - Moradias em construção em Vila Chã/Vila do Conde 565000 ) 
2023/12/20 15:45:16 Val 'Jardim Privativo' not possible to map for attr type 'urn:concept:characteristics'. ( geral@arhome.pt - Moradias em construção em Vila Chã/Vila do Conde 565000 ) 
2023/12/20 15:45:16 Val 'Painel Solar' not possible to map for attr type 'urn:concept:characteristics'. ( geral@arhome.pt - Moradias em construção em Vila Chã/Vila do Conde 565000 ) 
2023/12/20 15:45:16 Val 'Deteção de incêndio' not possible to map for attr type 'urn:concept:characteristics'. ( geral@arhome.pt - Apartamento em condomínio privado em frente á Foz do Douro. 685000 ) 
2023/12/20 15:45:23 Val 'Como Novo' not possible to map for attr type 'urn:concept:state'. ( geral@cfontesimobiliaria.pt - Quartos Arrendar Barcelos 350 ) 
2023/12/20 15:45:29 Val 'Acabamentos de Luxo' not possible to map for attr type 'urn:concept:characteristics'. ( geral@dimensaoexata.com - Investimento T2 e T3 no Porto na Areosa em Construção 239900 ) 
2023/12/20 15:45:29 Val 'Boas Estradas' not possible to map for attr type 'urn:concept:characteristics'. ( geral@dimensaoexata.com - Investimento T2 e T3 no Porto na Areosa em Construção 239900 ) 
2023/12/20 15:45:29 Val 'Excelente Exposição Solar' not possible to map for attr type 'urn:concept:characteristics'. ( geral@dimensaoexata.com - Investimento T2 e T3 no Porto na Areosa em Construção 239900 ) 
2023/12/20 15:45:29 Val 'Localização de Excelência' not possible to map for attr type 'urn:concept:characteristics'. ( geral@dimensaoexata.com - Investimento T2 e T3 no Porto na Areosa em Construção 239900 ) 
2023/12/20 15:45:29 Val 'Perto das Autoestradas' not possible to map for attr type 'urn:concept:characteristics'. ( geral@dimensaoexata.com - Investimento T2 e T3 no Porto na Areosa em Construção 239900 ) 
2023/12/20 15:45:29 Val 'Perto de Hipermercados' not possible to map for attr type 'urn:concept:characteristics'. ( geral@dimensaoexata.com - Investimento T2 e T3 no Porto na Areosa em Construção 239900 ) 
2023/12/20 15:45:29 Val 'Perto de Restaurantes e Esplanadas' not possible to map for attr type 'urn:concept:characteristics'. ( geral@dimensaoexata.com - Investimento T2 e T3 no Porto na Areosa em Construção 239900 ) 
2023/12/20 15:45:29 Val 'Caixilharia dupla' not possible to map for attr type 'urn:concept:characteristics'. ( geral@dimensaoexata.com - Investimento em T2 e T3 em Construção em Matosinhos 195900 ) 
2023/12/20 15:45:29 Val 'Condomínio de Luxo' not possible to map for attr type 'urn:concept:characteristics'. ( geral@dimensaoexata.com - Oportunidade de T2 em Construção em V.N. Gaia – Canidelo 278900 ) 
2023/12/20 15:45:29 Val 'Grande Área Verde' not possible to map for attr type 'urn:concept:characteristics'. ( geral@dimensaoexata.com - Oportunidade de T2 em Construção em V.N. Gaia – Canidelo 278900 ) 
2023/12/20 15:45:29 Val 'Madeiras Nobres' not possible to map for attr type 'urn:concept:characteristics'. ( geral@dimensaoexata.com - Oportunidade de T2 em Construção em V.N. Gaia – Canidelo 278900 ) 
2023/12/20 15:45:29 Val 'Vistas Panorâmicas Deslumbrantes' not possible to map for attr type 'urn:concept:characteristics'. ( geral@dimensaoexata.com - Oportunidade de T2 em Construção em V.N. Gaia – Canidelo 278900 ) 
2023/12/20 15:45:29 Val 'Excelente localização' not possible to map for attr type 'urn:concept:characteristics'. ( geral@dimensaoexata.com - Investimento T3 no Centro do Porto à Boavista 545000 ) 
2023/12/20 15:45:29 Val 'Isolamento de Capoto' not possible to map for attr type 'urn:concept:characteristics'. ( geral@dimensaoexata.com - Oportunidade T3 na Foz na Rua Gondarém 740000 ) 
2023/12/20 15:45:29 Val 'Localização Previligiada' not possible to map for attr type 'urn:concept:characteristics'. ( geral@dimensaoexata.com - Oportunidade T3 na Foz na Rua Gondarém 740000 ) 
2023/12/20 15:45:29 Val 'Apartamento' not possible to map for attr type 'urn:concept:characteristics'. ( geral@dimensaoexata.com - Lindo T3 no Centro do Porto à Boavista 395000 ) 
2023/12/20 15:45:29 Val 'Electricidade' not possible to map for attr type 'urn:concept:characteristics'. ( geral@dimensaoexata.com - Fantástico T4 no Centro do Porto à Boavista 555000 ) 
2023/12/20 15:45:29 Val 'Caixilharia de Qualidade com vidro duplo' not possible to map for attr type 'urn:concept:characteristics'. ( geral@dimensaoexata.com - Oportunidade de Andar Moradia T2 em Perafita 195000 ) 
2023/12/20 15:45:29 Val 'Churrasqueira/Barbecue' not possible to map for attr type 'urn:concept:characteristics'. ( geral@dimensaoexata.com - Oportunidade de Moradia no Centro de Leça da Palmeira 550000 ) 
2023/12/20 15:45:29 Val 'Corte de Ténis' not possible to map for attr type 'urn:concept:characteristics'. ( geral@dimensaoexata.com - Oportunidade T3 Entre Quintas Estado Irrepreensível 430000 ) 
2023/12/20 15:45:29 Val 'Guarda Noturno' not possible to map for attr type 'urn:concept:characteristics'. ( geral@dimensaoexata.com - Oportunidade T3 Entre Quintas Estado Irrepreensível 430000 ) 
2023/12/20 15:45:29 Val 'Porta de Segurança' not possible to map for attr type 'urn:concept:characteristics'. ( geral@dimensaoexata.com - Oportunidade T3 Entre Quintas Estado Irrepreensível 430000 ) 
2023/12/20 15:45:29 Val 'Segurança 24 horas por dia' not possible to map for attr type 'urn:concept:characteristics'. ( geral@dimensaoexata.com - Oportunidade T3 Entre Quintas Estado Irrepreensível 430000 ) 
2023/12/20 15:45:29 Val 'Luz' not possible to map for attr type 'urn:concept:characteristics'. ( geral@dimensaoexata.com - Investimento Quinta em Zona Nobre de Penafiel 495000 ) 
2023/12/20 15:45:29 Val 'Pedras ornamentais' not possible to map for attr type 'urn:concept:characteristics'. ( geral@dimensaoexata.com - Investimento Quinta em Zona Nobre de Penafiel 495000 ) 
2023/12/20 15:45:29 Val 'Poço de água' not possible to map for attr type 'urn:concept:characteristics'. ( geral@dimensaoexata.com - Investimento Quinta em Zona Nobre de Penafiel 495000 ) 
2023/12/20 15:45:29 Val 'Ribeiro a confinar com a propriedade' not possible to map for attr type 'urn:concept:characteristics'. ( geral@dimensaoexata.com - Investimento Quinta em Zona Nobre de Penafiel 495000 ) 
2023/12/20 15:45:29 Val 'Comunicações' not possible to map for attr type 'urn:concept:characteristics'. ( geral@dimensaoexata.com - Oportunidade Terreno em Zona Única e Nobre de Lavra 275000 ) 
2023/12/20 15:45:29 Val 'Perto das praias' not possible to map for attr type 'urn:concept:characteristics'. ( geral@dimensaoexata.com - Oportunidade Terreno em Zona Única e Nobre de Lavra 275000 ) 
2023/12/20 15:45:29 Val 'Perto de Serviços' not possible to map for attr type 'urn:concept:characteristics'. ( geral@dimensaoexata.com - Oportunidade Terreno em Zona Única e Nobre de Lavra 275000 ) 
2023/12/20 15:45:29 Val 'Casa de Banho' not possible to map for attr type 'urn:concept:characteristics'. ( geral@dimensaoexata.com - Super Loja no Porto para Venda 130000 ) 
2023/12/20 15:45:29 Val 'Monta Cargas' not possible to map for attr type 'urn:concept:characteristics'. ( geral@dimensaoexata.com - Super Loja no Porto para Venda 130000 ) 
2023/12/20 15:45:29 Val 'Banheira hidromassagem' not possible to map for attr type 'urn:concept:characteristics'. ( geral@dimensaoexata.com - Oportunidade Moradia em Zona Nobre de Leca da Palmeira 2000000 ) 
2023/12/20 15:45:29 Val 'Garrafeira' not possible to map for attr type 'urn:concept:characteristics'. ( geral@dimensaoexata.com - Oportunidade Moradia em Zona Nobre de Leca da Palmeira 2000000 ) 
2023/12/20 15:45:29 Val 'Portão Eléctrico' not possible to map for attr type 'urn:concept:characteristics'. ( geral@dimensaoexata.com - Oportunidade Moradia em Zona Nobre de Leca da Palmeira 2000000 ) 
2023/12/20 15:45:29 Val 'Rega Automática' not possible to map for attr type 'urn:concept:characteristics'. ( geral@dimensaoexata.com - Oportunidade Moradia em Zona Nobre de Leça da Palmeira 800000 ) 
2023/12/20 15:45:45 Val 'Bons Acessos' not possible to map for attr type 'urn:concept:characteristics'. ( geral@margemponderada.pt - Garagem exterior, junto ao centro da cidade de Famalicão 22000 ) 
2023/12/20 15:45:45 Val 'Água da companhia' not possible to map for attr type 'urn:concept:characteristics'. ( geral@margemponderada.pt - Moradia T3 com suíte, terraço e garagem p/3 carros na Lagoa 269900 ) 
2023/12/20 15:45:45 Val 'Boa exposição solar' not possible to map for attr type 'urn:concept:characteristics'. ( geral@margemponderada.pt - Moradia T3 com suíte, terraço e garagem p/3 carros na Lagoa 269900 ) 
2023/12/20 15:45:45 Val 'Cozinha Mobilada' not possible to map for attr type 'urn:concept:characteristics'. ( geral@margemponderada.pt - Moradia T3 com suíte, terraço e garagem p/3 carros na Lagoa 269900 ) 
2023/12/20 15:45:45 Val 'Escola Primária' not possible to map for attr type 'urn:concept:characteristics'. ( geral@margemponderada.pt - Moradia T3 com suíte, terraço e garagem p/3 carros na Lagoa 269900 ) 
2023/12/20 15:45:45 Val 'Garagem' not possible to map for attr type 'urn:concept:characteristics'. ( geral@margemponderada.pt - Moradia T3 com suíte, terraço e garagem p/3 carros na Lagoa 269900 ) 
2023/12/20 15:45:45 Val 'Infantário' not possible to map for attr type 'urn:concept:characteristics'. ( geral@margemponderada.pt - Moradia T3 com suíte, terraço e garagem p/3 carros na Lagoa 269900 ) 
2023/12/20 15:45:45 Val 'Lareira com recuperador' not possible to map for attr type 'urn:concept:characteristics'. ( geral@margemponderada.pt - Moradia T3 com suíte, terraço e garagem p/3 carros na Lagoa 269900 ) 
2023/12/20 15:45:45 Val 'perto de transportes' not possible to map for attr type 'urn:concept:characteristics'. ( geral@margemponderada.pt - Moradia T3 com suíte, terraço e garagem p/3 carros na Lagoa 269900 ) 
2023/12/20 15:45:45 Val 'Saneamento' not possible to map for attr type 'urn:concept:characteristics'. ( geral@margemponderada.pt - Moradia T3 com suíte, terraço e garagem p/3 carros na Lagoa 269900 ) 
2023/12/20 15:45:45 Val 'varandas' not possible to map for attr type 'urn:concept:characteristics'. ( geral@margemponderada.pt - Moradia T3 com suíte, terraço e garagem p/3 carros na Lagoa 269900 ) 
2023/12/20 15:45:45 Val 'zona habitacional' not possible to map for attr type 'urn:concept:characteristics'. ( geral@margemponderada.pt - Moradia T3 com suíte, terraço e garagem p/3 carros na Lagoa 269900 ) 
2023/12/20 15:45:45 Val 'escolas e serviços' not possible to map for attr type 'urn:concept:characteristics'. ( geral@margemponderada.pt - T3 junto do centro da cidade, com elevadores e 2 varandas 159500 ) 
2023/12/20 15:45:45 Val 'perto de serviços de saúde' not possible to map for attr type 'urn:concept:characteristics'. ( geral@margemponderada.pt - T3 junto do centro da cidade, com elevadores e 2 varandas 159500 ) 
2023/12/20 15:45:45 Val 'Perto do centro' not possible to map for attr type 'urn:concept:characteristics'. ( geral@margemponderada.pt - T3 junto do centro da cidade, com elevadores e 2 varandas 159500 ) 
2023/12/20 15:45:45 Val 'Igreja' not possible to map for attr type 'urn:concept:characteristics'. ( geral@margemponderada.pt - T2 junto ao centro, com varanda, garagem fechada, elevador e 2 wc´s 139500 ) 
2023/12/20 15:45:45 Val 'Infraestruturas' not possible to map for attr type 'urn:concept:characteristics'. ( geral@margemponderada.pt - terreno plano para construção em Oliveira Sta.Mª com 297m2 36000 ) 
2023/12/20 15:45:45 Val 'Terreno Plano' not possible to map for attr type 'urn:concept:characteristics'. ( geral@margemponderada.pt - terreno plano para construção em Oliveira Sta.Mª com 297m2 36000 ) 
2023/12/20 15:45:45 Val 'Boa frente' not possible to map for attr type 'urn:concept:characteristics'. ( geral@margemponderada.pt - Moradia T5 em Calendário – 900m2 terreno construção 350000 ) 
2023/12/20 15:45:45 Val 'Circulação a toda a volta' not possible to map for attr type 'urn:concept:characteristics'. ( geral@margemponderada.pt - Moradia individual com piscina mais terreno de construção 315000 ) 
2023/12/20 15:45:45 Val 'Em Pedra' not possible to map for attr type 'urn:concept:characteristics'. ( geral@margemponderada.pt - Moradia individual com piscina mais terreno de construção 315000 ) 
2023/12/20 15:45:45 Val 'Vedado' not possible to map for attr type 'urn:concept:characteristics'. ( geral@margemponderada.pt - Moradia individual com piscina mais terreno de construção 315000 ) 
2023/12/20 15:45:45 Val 'Não Aplicável' not possible to map for attr type 'urn:concept:state'. ( geral@margemponderada.pt - 2 lotes de terreno para construção em Sto.Tirso com 1435 m2 107000 ) 
2023/12/20 15:45:45 Val 'Terreno com declive' not possible to map for attr type 'urn:concept:characteristics'. ( geral@margemponderada.pt - Terreno para construção em Brufe – 918m2 63000 ) 
2023/12/20 15:45:45 Val 'Vista de cidade' not possible to map for attr type 'urn:concept:characteristics'. ( geral@margemponderada.pt - Terreno com 901m2 junto ao centro de Famalicão 59500 ) 
2023/12/20 15:45:45 Val 'zona industrial' not possible to map for attr type 'urn:concept:characteristics'. ( geral@margemponderada.pt - Quinta para venda com poço, campos e casas 330000 ) 
2023/12/20 15:45:45 Val 'furo artesiano' not possible to map for attr type 'urn:concept:characteristics'. ( geral@margemponderada.pt - Moradia individual com terreno 170000 ) 
2023/12/20 15:46:00 Val 'garagem para 2 automóveis' not possible to map for attr type 'urn:concept:characteristics'. ( geral@rossioimobiliaria.pt - Apartamento T2  para arrendamento no centro da cidade de Braga – São Vítor 1000 ) 
2023/12/20 15:46:00 Val 'Varandas amplas' not possible to map for attr type 'urn:concept:characteristics'. ( geral@rossioimobiliaria.pt - Apartamento T2  para arrendamento no centro da cidade de Braga – São Vítor 1000 ) 
2023/12/20 15:46:00 Val 'Aspiração central completa' not possible to map for attr type 'urn:concept:characteristics'. ( geral@rossioimobiliaria.pt - Fantástica moradia T3 Banda, Quinta de São Tiago Confort 397500 ) 
2023/12/20 15:46:00 Val 'bomba de calor 300 lts com pré instalação depainéis solares' not possible to map for attr type 'urn:concept:characteristics'. ( geral@rossioimobiliaria.pt - Fantástica moradia T3 Banda, Quinta de São Tiago Confort 397500 ) 
2023/12/20 15:46:00 Val 'capoto' not possible to map for attr type 'urn:concept:characteristics'. ( geral@rossioimobiliaria.pt - Fantástica moradia T3 Banda, Quinta de São Tiago Confort 397500 ) 
2023/12/20 15:46:00 Val 'Iluminação Led' not possible to map for attr type 'urn:concept:characteristics'. ( geral@rossioimobiliaria.pt - Fantástica moradia T3 Banda, Quinta de São Tiago Confort 397500 ) 
2023/12/20 15:46:00 Val 'Pré-instalação de aquecimento central' not possible to map for attr type 'urn:concept:characteristics'. ( geral@rossioimobiliaria.pt - Fantástica moradia T3 Banda, Quinta de São Tiago Confort 397500 ) 
2023/12/20 15:46:00 Val 'pré instalação de som ambiente' not possible to map for attr type 'urn:concept:characteristics'. ( geral@rossioimobiliaria.pt - Fantástica moradia térrea T3 banda, localizada em Panoias, S. Vicenço. 450000 ) 
2023/12/20 15:46:00 Val '2 suíte' not possible to map for attr type 'urn:concept:characteristics'. ( geral@rossioimobiliaria.pt - Vende-se fantástica Moradia T2, em Vila Verde 160000 ) 
2023/12/20 15:46:00 Val '4 casas de banho' not possible to map for attr type 'urn:concept:characteristics'. ( geral@rossioimobiliaria.pt - Vende-se fantástica Moradia T2, em Vila Verde 160000 ) 
2023/12/20 15:46:00 Val 'Anexo com cozinha e churrasqueira' not possible to map for attr type 'urn:concept:characteristics'. ( geral@rossioimobiliaria.pt - Vende-se fantástica Moradia T2, em Vila Verde 160000 ) 
2023/12/20 15:46:00 Val 'Cozinha mobilada e equipada' not possible to map for attr type 'urn:concept:characteristics'. ( geral@rossioimobiliaria.pt - Vende-se fantástica Moradia T2, em Vila Verde 160000 ) 
2023/12/20 15:46:00 Val 'Moradia individual' not possible to map for attr type 'urn:concept:characteristics'. ( geral@rossioimobiliaria.pt - Vende-se fantástica Moradia T2, em Vila Verde 160000 ) 
2023/12/20 15:46:00 Val 'Área útil de 464 m2' not possible to map for attr type 'urn:concept:characteristics'. ( geral@rossioimobiliaria.pt - Vende-se Pavilhão NOVO no parque Industrial de  Oleiros – Vila Verde 340000 ) 
2023/12/20 15:46:00 Val 'Entrada para camiões TIR' not possible to map for attr type 'urn:concept:characteristics'. ( geral@rossioimobiliaria.pt - Vende-se Pavilhão NOVO no parque Industrial de  Oleiros – Vila Verde 340000 ) 
2023/12/20 15:46:00 Val 'Escritórios' not possible to map for attr type 'urn:concept:characteristics'. ( geral@rossioimobiliaria.pt - Vende-se Pavilhão NOVO no parque Industrial de  Oleiros – Vila Verde 340000 ) 
2023/12/20 15:46:00 Val 'Lote de 620 m2' not possible to map for attr type 'urn:concept:characteristics'. ( geral@rossioimobiliaria.pt - Vende-se Pavilhão NOVO no parque Industrial de  Oleiros – Vila Verde 340000 ) 
2023/12/20 15:46:00 Val 'Pé direito de 7 metros' not possible to map for attr type 'urn:concept:characteristics'. ( geral@rossioimobiliaria.pt - Vende-se Pavilhão NOVO no parque Industrial de  Oleiros – Vila Verde 340000 ) 
2023/12/20 15:46:00 Val 'Receção' not possible to map for attr type 'urn:concept:characteristics'. ( geral@rossioimobiliaria.pt - Vende-se Pavilhão NOVO no parque Industrial de  Oleiros – Vila Verde 340000 ) 
2023/12/20 15:46:00 Val 'Vestiários' not possible to map for attr type 'urn:concept:characteristics'. ( geral@rossioimobiliaria.pt - Vende-se Pavilhão NOVO no parque Industrial de  Oleiros – Vila Verde 340000 ) 
2023/12/20 15:46:00 Val 'Área útil de 386 m2' not possible to map for attr type 'urn:concept:characteristics'. ( geral@rossioimobiliaria.pt - Vende-se Pavilhão NOVO no parque Industrial de  Oleiros – Vila Verde 320000 ) 
2023/12/20 15:46:00 Val 'Logradouro 246 m2' not possible to map for attr type 'urn:concept:characteristics'. ( geral@rossioimobiliaria.pt - Vende-se Pavilhão NOVO no parque Industrial de  Oleiros – Vila Verde 320000 ) 
2023/12/20 15:46:00 Val 'Lote de 632 m2' not possible to map for attr type 'urn:concept:characteristics'. ( geral@rossioimobiliaria.pt - Vende-se Pavilhão NOVO no parque Industrial de  Oleiros – Vila Verde 320000 ) 
2023/12/20 15:46:00 Val 'Pé direito de 7metros' not possible to map for attr type 'urn:concept:characteristics'. ( geral@rossioimobiliaria.pt - Vende-se Pavilhão NOVO no parque Industrial de  Oleiros – Vila Verde 320000 ) 
2023/12/20 15:46:00 Val 'Balneário' not possible to map for attr type 'urn:concept:characteristics'. ( geral@rossioimobiliaria.pt - Apartamento T3 novo – Rialto Apúlia 315000 ) 
2023/12/20 15:46:00 Val 'Blackout elétrico (zona privativa)' not possible to map for attr type 'urn:concept:characteristics'. ( geral@rossioimobiliaria.pt - Apartamento T3 novo – Rialto Apúlia 315000 ) 
2023/12/20 15:46:00 Val 'Bomba de calor AQS' not possible to map for attr type 'urn:concept:characteristics'. ( geral@rossioimobiliaria.pt - Apartamento T3 novo – Rialto Apúlia 315000 ) 
2023/12/20 15:46:00 Val 'Campo de jogos' not possible to map for attr type 'urn:concept:characteristics'. ( geral@rossioimobiliaria.pt - Apartamento T3 novo – Rialto Apúlia 315000 ) 
2023/12/20 15:46:00 Val 'Churrasqueira individual' not possible to map for attr type 'urn:concept:characteristics'. ( geral@rossioimobiliaria.pt - Apartamento T3 novo – Rialto Apúlia 315000 ) 
2023/12/20 15:46:00 Val 'Garagem fechada' not possible to map for attr type 'urn:concept:characteristics'. ( geral@rossioimobiliaria.pt - Apartamento T3 novo – Rialto Apúlia 315000 ) 
2023/12/20 15:46:00 Val 'Isolamento térmico e acústico' not possible to map for attr type 'urn:concept:characteristics'. ( geral@rossioimobiliaria.pt - Apartamento T3 novo – Rialto Apúlia 315000 ) 
2023/12/20 15:46:00 Val 'Piscina exterior' not possible to map for attr type 'urn:concept:characteristics'. ( geral@rossioimobiliaria.pt - Apartamento T3 novo – Rialto Apúlia 315000 ) 
2023/12/20 15:46:00 Val 'Piscina interior' not possible to map for attr type 'urn:concept:characteristics'. ( geral@rossioimobiliaria.pt - Apartamento T3 novo – Rialto Apúlia 315000 ) 
2023/12/20 15:46:00 Val 'Porta segurança entrada' not possible to map for attr type 'urn:concept:characteristics'. ( geral@rossioimobiliaria.pt - Apartamento T3 novo – Rialto Apúlia 315000 ) 
2023/12/20 15:46:00 Val 'Suite com closet' not possible to map for attr type 'urn:concept:characteristics'. ( geral@rossioimobiliaria.pt - Apartamento T3 novo – Rialto Apúlia 315000 ) 
2023/12/20 15:46:00 Val 'Caixilharia em alumínio lacado com rutura térmica ou em madeira' not possible to map for attr type 'urn:concept:characteristics'. ( geral@rossioimobiliaria.pt - Apartamento T2 novo com lugar de garagem no centro de Braga 280000 ) 
2023/12/20 15:46:00 Val 'Carpintaria branca' not possible to map for attr type 'urn:concept:characteristics'. ( geral@rossioimobiliaria.pt - Apartamento T2 novo com lugar de garagem no centro de Braga 280000 ) 
2023/12/20 15:46:00 Val 'Loiças suspensas nas casas de banho' not possible to map for attr type 'urn:concept:characteristics'. ( geral@rossioimobiliaria.pt - Apartamento T2 novo com lugar de garagem no centro de Braga 280000 ) 
2023/12/20 15:46:00 Val 'Pavimento flutuante' not possible to map for attr type 'urn:concept:characteristics'. ( geral@rossioimobiliaria.pt - Apartamento T2 novo com lugar de garagem no centro de Braga 280000 ) 
2023/12/20 15:46:00 Val 'Porta de entrada de segurança' not possible to map for attr type 'urn:concept:characteristics'. ( geral@rossioimobiliaria.pt - Apartamento T2 novo com lugar de garagem no centro de Braga 280000 ) 
2023/12/20 15:46:00 Val 'Sancas para cortinados' not possible to map for attr type 'urn:concept:characteristics'. ( geral@rossioimobiliaria.pt - Apartamento T2 novo com lugar de garagem no centro de Braga 280000 ) 
2023/12/20 15:46:00 Val 'Tetos falsos' not possible to map for attr type 'urn:concept:characteristics'. ( geral@rossioimobiliaria.pt - Apartamento T2 novo com lugar de garagem no centro de Braga 280000 ) 
2023/12/20 15:46:00 Val 'Videoporteiro' not possible to map for attr type 'urn:concept:characteristics'. ( geral@rossioimobiliaria.pt - Apartamento T2 novo com lugar de garagem no centro de Braga 280000 ) 
2023/12/20 15:46:00 Val 'Escadas interiores em madeira' not possible to map for attr type 'urn:concept:characteristics'. ( geral@rossioimobiliaria.pt - Apartamento T3 novo com lugar de garagem no centro de Braga 330000 ) 
2023/12/20 15:46:00 Val '3000 m² de área útil' not possible to map for attr type 'urn:concept:characteristics'. ( geral@rossioimobiliaria.pt - Pavilhão Industrial em Cabreiros 1200000 ) 
2023/12/20 15:46:00 Val 'Acesso a camiões TIR' not possible to map for attr type 'urn:concept:characteristics'. ( geral@rossioimobiliaria.pt - Pavilhão Industrial em Cabreiros 1200000 ) 
2023/12/20 15:46:00 Val 'Junto ao acesso da Autoestrada A3' not possible to map for attr type 'urn:concept:characteristics'. ( geral@rossioimobiliaria.pt - Pavilhão Industrial em Cabreiros 1200000 ) 
2023/12/20 15:46:00 Val 'Logradouro de 500 m²' not possible to map for attr type 'urn:concept:characteristics'. ( geral@rossioimobiliaria.pt - Pavilhão Industrial em Cabreiros 1200000 ) 
2023/12/20 15:46:00 Val 'Posto de transformação de 600 KVA' not possible to map for attr type 'urn:concept:characteristics'. ( geral@rossioimobiliaria.pt - Pavilhão Industrial em Cabreiros 1200000 ) 
2023/12/20 15:46:00 Val 'terreno 1000 m2' not possible to map for attr type 'urn:concept:characteristics'. ( geral@rossioimobiliaria.pt - Moradia para restauro, Lanhas – Vila Verde 84000 ) 
2023/12/20 15:46:00 Val 'Vistas desafogadas' not possible to map for attr type 'urn:concept:characteristics'. ( geral@rossioimobiliaria.pt - Moradia para restauro, Lanhas – Vila Verde 84000 ) 
2023/12/20 15:46:08 Val 'Acessibilidade' not possible to map for attr type 'urn:concept:characteristics'. ( goncalomorais@arcadia.com.pt - Escritório Para 3-5 Pessoas No Centro da Cidade 452 ) 
2023/12/20 15:46:08 Val 'Comercial' not possible to map for attr type 'urn:concept:characteristics'. ( goncalomorais@arcadia.com.pt - Escritório Para 3-5 Pessoas No Centro da Cidade 452 ) 
2023/12/20 15:46:08 Val 'Armários Embutidos' not possible to map for attr type 'urn:concept:characteristics'. ( goncalomorais@arcadia.com.pt - Gabinete Apto Para Todas as Atividades 350 ) 
2023/12/20 15:46:08 Val 'Bastante Luz Natural' not possible to map for attr type 'urn:concept:characteristics'. ( goncalomorais@arcadia.com.pt - Gabinete Apto Para Todas as Atividades 350 ) 
2023/12/20 15:46:08 Val 'Central' not possible to map for attr type 'urn:concept:characteristics'. ( goncalomorais@arcadia.com.pt - Gabinete Apto Para Todas as Atividades 350 ) 
2023/12/20 15:46:08 Val 'Centro Histórico de Braga' not possible to map for attr type 'urn:concept:characteristics'. ( goncalomorais@arcadia.com.pt - Gabinete Apto Para Todas as Atividades 350 ) 
2023/12/20 15:46:08 Val 'Serviços' not possible to map for attr type 'urn:concept:characteristics'. ( goncalomorais@arcadia.com.pt - Gabinete Apto Para Todas as Atividades 350 ) 
2023/12/20 15:46:08 Val 'Restauração' not possible to map for attr type 'urn:concept:characteristics'. ( goncalomorais@arcadia.com.pt - Prédios em Zona Histórica da Cidade de Braga 3000000 ) 
2023/12/20 15:46:08 Val 'Chão em Cerâmica' not possible to map for attr type 'urn:concept:characteristics'. ( goncalomorais@arcadia.com.pt - Loja com excelente localização em Centro Comercial central da cidade de Braga 120000 ) 
2023/12/20 15:46:08 Val 'Estacionamento Exterior' not possible to map for attr type 'urn:concept:characteristics'. ( goncalomorais@arcadia.com.pt - Loja com excelente localização em Centro Comercial central da cidade de Braga 120000 ) 
2023/12/20 15:46:08 Val 'Isolamento Acústico e Térmico' not possible to map for attr type 'urn:concept:characteristics'. ( goncalomorais@arcadia.com.pt - Loja com excelente localização em Centro Comercial central da cidade de Braga 120000 ) 
2023/12/20 15:46:08 Val 'Pré-instalação de alarme' not possible to map for attr type 'urn:concept:characteristics'. ( goncalomorais@arcadia.com.pt - Loja com excelente localização em Centro Comercial central da cidade de Braga 120000 ) 
2023/12/20 15:46:08 Val 'Tetos Falsos Com Focos' not possible to map for attr type 'urn:concept:characteristics'. ( goncalomorais@arcadia.com.pt - Loja com excelente localização em Centro Comercial central da cidade de Braga 120000 ) 
2023/12/20 15:46:08 Val 'Banda' not possible to map for attr type 'urn:concept:characteristics'. ( goncalomorais@arcadia.com.pt - Lote em Banda com 220 m² de Área para Construção 60000 ) 
2023/12/20 15:46:08 Val 'Projeto Aprovado' not possible to map for attr type 'urn:concept:characteristics'. ( goncalomorais@arcadia.com.pt - Prédio no Centro Histórico Com Projeto Aprovado p/ 7 Apartamentos 399000 ) 
2023/12/20 15:46:08 Val 'Bomba de Calor' not possible to map for attr type 'urn:concept:characteristics'. ( goncalomorais@arcadia.com.pt - ATENÇÃO INVESTIDORES! Excelente Moradia em Gualtar 350000 ) 
2023/12/20 15:46:08 Val 'Equipado' not possible to map for attr type 'urn:concept:characteristics'. ( goncalomorais@arcadia.com.pt - ATENÇÃO INVESTIDORES! Excelente Moradia em Gualtar 350000 ) 
2023/12/20 15:46:08 Val 'Louças Novas' not possible to map for attr type 'urn:concept:characteristics'. ( goncalomorais@arcadia.com.pt - ATENÇÃO INVESTIDORES! Excelente Moradia em Gualtar 350000 ) 
2023/12/20 15:46:08 Val 'Nova Instalação de Eletricidade' not possible to map for attr type 'urn:concept:characteristics'. ( goncalomorais@arcadia.com.pt - ATENÇÃO INVESTIDORES! Excelente Moradia em Gualtar 350000 ) 
2023/12/20 15:46:08 Val 'Pátio' not possible to map for attr type 'urn:concept:characteristics'. ( goncalomorais@arcadia.com.pt - ATENÇÃO INVESTIDORES! Excelente Moradia em Gualtar 350000 ) 
2023/12/20 15:46:08 Val 'Quintal' not possible to map for attr type 'urn:concept:characteristics'. ( goncalomorais@arcadia.com.pt - ATENÇÃO INVESTIDORES! Excelente Moradia em Gualtar 350000 ) 
2023/12/20 15:46:08 Val 'Terreno' not possible to map for attr type 'urn:concept:characteristics'. ( goncalomorais@arcadia.com.pt - ATENÇÃO INVESTIDORES! Excelente Moradia em Gualtar 350000 ) 
2023/12/20 15:46:08 Val 'Elevada Centralidade' not possible to map for attr type 'urn:concept:characteristics'. ( goncalomorais@arcadia.com.pt - Terreno para Construção de Empreendimento de Luxo 2500000 ) 
2023/12/20 15:46:08 Val 'Habitacional ou Indústrial' not possible to map for attr type 'urn:concept:characteristics'. ( goncalomorais@arcadia.com.pt - Terreno para Construção de Empreendimento de Luxo 2500000 ) 
2023/12/20 15:46:08 Val 'Terreno para Construção' not possible to map for attr type 'urn:concept:characteristics'. ( goncalomorais@arcadia.com.pt - Terreno para Construção de Empreendimento de Luxo 2500000 ) 
2023/12/20 15:46:08 Val 'Vistas fantásticas' not possible to map for attr type 'urn:concept:characteristics'. ( goncalomorais@arcadia.com.pt - Terreno para Construção de Empreendimento de Luxo 2500000 ) 
2023/12/20 15:46:08 Val 'Garagem-Box' not possible to map for attr type 'urn:concept:characteristics'. ( goncalomorais@arcadia.com.pt - Apartamento Tipologia T3, Semi-novo 237500 ) 
2023/12/20 15:46:08 Val '2 Andares' not possible to map for attr type 'urn:concept:characteristics'. ( goncalomorais@arcadia.com.pt - Moradia Individual V3 situada em Antas, Vila Nova de Famalicão 230000 ) 
2023/12/20 15:46:08 Val 'Aquecimento Solar' not possible to map for attr type 'urn:concept:characteristics'. ( goncalomorais@arcadia.com.pt - Moradia Individual V3 situada em Antas, Vila Nova de Famalicão 230000 ) 
2023/12/20 15:46:08 Val 'Bom Estado' not possible to map for attr type 'urn:concept:characteristics'. ( goncalomorais@arcadia.com.pt - Moradia Individual V3 situada em Antas, Vila Nova de Famalicão 230000 ) 
2023/12/20 15:46:08 Val 'Painéis de Auto produção de Energia' not possible to map for attr type 'urn:concept:characteristics'. ( goncalomorais@arcadia.com.pt - Moradia Individual V3 situada em Antas, Vila Nova de Famalicão 230000 ) 
2023/12/20 15:46:08 Val 'Armários' not possible to map for attr type 'urn:concept:characteristics'. ( goncalomorais@arcadia.com.pt - Magníficos Apartamentos de Tipologia T3, Novos, sitos em Nogueira 241000 ) 
2023/12/20 15:46:08 Val 'Churrasqueira' not possible to map for attr type 'urn:concept:characteristics'. ( goncalomorais@arcadia.com.pt - Magníficos Apartamentos de Tipologia T3, Novos, sitos em Nogueira 241000 ) 
2023/12/20 15:46:08 Val 'Janelas Oscilo-batentes' not possible to map for attr type 'urn:concept:characteristics'. ( goncalomorais@arcadia.com.pt - Magníficos Apartamentos de Tipologia T3, Novos, sitos em Nogueira 241000 ) 
2023/12/20 15:46:08 Val 'Louças Suspensas' not possible to map for attr type 'urn:concept:characteristics'. ( goncalomorais@arcadia.com.pt - Magníficos Apartamentos de Tipologia T3, Novos, sitos em Nogueira 241000 ) 
2023/12/20 15:46:08 Val 'Chão em Madeira' not possible to map for attr type 'urn:concept:characteristics'. ( goncalomorais@arcadia.com.pt - Apartamento T1 Antas Atrium - Antas - Campanhã - Porto 257000 ) 
2023/12/20 15:46:08 Val 'Centro da Cidade' not possible to map for attr type 'urn:concept:characteristics'. ( goncalomorais@arcadia.com.pt - Loja comercial com armazém na cave situada na Rua S. Dinis em Paranhos- Porto 1200 ) 
